MongoDB logging. Please note that logging negatively impacts performance and should be disabled for high-performance production apps.
MONGODB admin['$cmd'].find({:ismaster=>1})
MONGODB admin['$cmd'].find({:ismaster=>1})
MONGODB dummy_development['site_config_settings'].find({:_id=>"settings"})
MONGODB dummy_development['site_config_settings'].find({:_id=>"settings"})
MongoDB logging. Please note that logging negatively impacts performance and should be disabled for high-performance production apps.
MONGODB admin['$cmd'].find({:ismaster=>1})
MONGODB admin['$cmd'].find({:ismaster=>1})
MongoDB logging. Please note that logging negatively impacts performance and should be disabled for high-performance production apps.
MONGODB admin['$cmd'].find({:ismaster=>1})
MONGODB admin['$cmd'].find({:ismaster=>1})
MONGODB dummy_development['site_config_settings'].find({:key=>:omg})
MONGODB dummy_development['site_config_settings'].find({:key=>:omg})
MONGODB dummy_development['$cmd'].find({"count"=>"site_config_settings", "query"=>{:key=>:omg}, "fields"=>nil})
MONGODB dummy_development['site_config_settings'].insert([{"key"=>:omg, "_id"=>BSON::ObjectId('4d8b2440629d6dac02000001')}])
MONGODB dummy_development['$cmd'].find({"count"=>"site_config_settings", "query"=>{:key=>:omg, :_id=>{"$ne"=>BSON::ObjectId('4d8b2440629d6dac02000001')}}, "fields"=>nil})
MONGODB dummy_development['site_config_settings'].update({"_id"=>BSON::ObjectId('4d8b2440629d6dac02000001')}, {"$set"=>{"val"=>"a"}})
MONGODB dummy_development['site_config_settings'].find({:key=>:omg})
MONGODB dummy_development['site_config_settings'].find({})
MONGODB dummy_development['site_config_settings'].find({}, {:_type=>1, :key=>1})
MONGODB dummy_development['site_config_settings'].find({:key=>:abc})
MONGODB dummy_development['$cmd'].find({"count"=>"site_config_settings", "query"=>{:key=>:abc}, "fields"=>nil})
MONGODB dummy_development['site_config_settings'].insert([{"key"=>:abc, "_id"=>BSON::ObjectId('4d8b249c629d6dac02000002')}])
MONGODB dummy_development['$cmd'].find({"count"=>"site_config_settings", "query"=>{:key=>:abc, :_id=>{"$ne"=>BSON::ObjectId('4d8b249c629d6dac02000002')}}, "fields"=>nil})
MONGODB dummy_development['site_config_settings'].update({"_id"=>BSON::ObjectId('4d8b249c629d6dac02000002')}, {"$set"=>{"val"=>"abc"}})
MONGODB dummy_development['site_config_settings'].find({})
MONGODB dummy_development['site_config_settings'].find({})
MONGODB dummy_development['site_config_settings'].find({})
MongoDB logging. Please note that logging negatively impacts performance and should be disabled for high-performance production apps.
MONGODB admin['$cmd'].find({:ismaster=>1})
MONGODB admin['$cmd'].find({:ismaster=>1})
MongoDB logging. Please note that logging negatively impacts performance and should be disabled for high-performance production apps.
MONGODB admin['$cmd'].find({:ismaster=>1})
MONGODB admin['$cmd'].find({:ismaster=>1})
MONGODB dummy_development['site_config_settings'].find({})
MongoDB logging. Please note that logging negatively impacts performance and should be disabled for high-performance production apps.
MONGODB admin['$cmd'].find({:ismaster=>1})
MONGODB admin['$cmd'].find({:ismaster=>1})
MONGODB dummy_development['site_config_settings'].find({})
